<?xml version="1.0" encoding="UTF-8"?>
<testsuite name="de.richargh.sandbox.spring.multibuild.catalogue.FailSmallTest" tests="1" skipped="1" failures="0" errors="0" timestamp="2019-12-29T16:59:36" hostname="MB-RichardG" time="0.001">
  <properties/>
  <testcase name="tests that a failing small test is recognized()" classname="de.richargh.sandbox.spring.multibuild.catalogue.FailSmallTest" time="0.001">
    <skipped/>
  </testcase>
  <system-out><![CDATA[]]></system-out>
  <system-err><![CDATA[]]></system-err>
</testsuite>
